2023-08-06 05:24:03.835244 - Initialized conversion of CBT587
2023-08-06 05:24:04.106646 - Received CBT.V505.FILE587.PDS from FILE587.XMI 
2023-08-06 05:24:04.109126 - Found $$$#DATE.txt (text/plain) in CBT.V505.FILE587.PDS, moved to PDS/$$$#DATE
2023-08-06 05:24:04.110085 - Found $README.txt (text/plain) in CBT.V505.FILE587.PDS, moved to PDS/$README
2023-08-06 05:24:04.111323 - Found @FILE587.txt (text/plain) in CBT.V505.FILE587.PDS, moved to PDS/@FILE587
2023-08-06 05:24:04.112551 - Found ASM.txt (text/plain) in CBT.V505.FILE587.PDS, moved to PDS/ASM
2023-08-06 05:24:04.113550 - Found ASM370.jcl (text/plain) in CBT.V505.FILE587.PDS, moved to PDS/ASM370
2023-08-06 05:24:04.114542 - Found HELP.txt (text/plain) in CBT.V505.FILE587.PDS, moved to PDS/HELP
2023-08-06 05:24:04.115574 - Found LINKEDIT.txt (text/plain) in CBT.V505.FILE587.PDS, moved to PDS/LINKEDIT
2023-08-06 05:24:04.116543 - Found REGS.txt (text/plain) in CBT.V505.FILE587.PDS, moved to PDS/REGS
2023-08-06 05:24:04.117522 - Found VTCALL.txt (text/plain) in CBT.V505.FILE587.PDS, moved to PDS/VTCALL
2023-08-06 05:24:04.118516 - Found VTCALLOC.txt (text/plain) in CBT.V505.FILE587.PDS, moved to PDS/VTCALLOC
2023-08-06 05:24:04.119568 - Found VTCCOM.txt (text/plain) in CBT.V505.FILE587.PDS, moved to PDS/VTCCOM
2023-08-06 05:24:04.120488 - Found VTCDYNSP.txt (text/plain) in CBT.V505.FILE587.PDS, moved to PDS/VTCDYNSP
2023-08-06 05:24:04.121494 - Found VTCENTER.txt (text/plain) in CBT.V505.FILE587.PDS, moved to PDS/VTCENTER
2023-08-06 05:24:04.122464 - Found VTCFMT.txt (text/plain) in CBT.V505.FILE587.PDS, moved to PDS/VTCFMT
2023-08-06 05:24:04.123397 - Found VTCFREE.txt (text/plain) in CBT.V505.FILE587.PDS, moved to PDS/VTCFREE
2023-08-06 05:24:04.124347 - Found VTCLEAVE.txt (text/plain) in CBT.V505.FILE587.PDS, moved to PDS/VTCLEAVE
2023-08-06 05:24:04.125337 - Found VTCMSG.txt (text/plain) in CBT.V505.FILE587.PDS, moved to PDS/VTCMSG
2023-08-06 05:24:04.126364 - Found VTCPARS.txt (text/plain) in CBT.V505.FILE587.PDS, moved to PDS/VTCPARS
2023-08-06 05:24:04.127372 - Found VTCPDEDS.txt (text/plain) in CBT.V505.FILE587.PDS, moved to PDS/VTCPDEDS
2023-08-06 05:24:04.128346 - Found VTCS99NG.txt (text/plain) in CBT.V505.FILE587.PDS, moved to PDS/VTCS99NG
2023-08-06 05:24:04.129320 - Found VTOC.txt (text/plain) in CBT.V505.FILE587.PDS, moved to PDS/VTOC
2023-08-06 05:24:04.130413 - Found VTOCCHEK.txt (text/plain) in CBT.V505.FILE587.PDS, moved to PDS/VTOCCHEK
2023-08-06 05:24:04.131481 - Found VTOCEXCP.txt (text/plain) in CBT.V505.FILE587.PDS, moved to PDS/VTOCEXCP
2023-08-06 05:24:04.132470 - Found VTOCFORM.txt (text/plain) in CBT.V505.FILE587.PDS, moved to PDS/VTOCFORM
2023-08-06 05:24:04.133417 - Found VTOCMAP.txt (text/plain) in CBT.V505.FILE587.PDS, moved to PDS/VTOCMAP
2023-08-06 05:24:04.134431 - Found VTOCMSG.txt (text/plain) in CBT.V505.FILE587.PDS, moved to PDS/VTOCMSG
2023-08-06 05:24:04.135424 - Found VTOCMSGS.txt (text/plain) in CBT.V505.FILE587.PDS, moved to PDS/VTOCMSGS
2023-08-06 05:24:04.136403 - Found VTOCPANL.txt (text/plain) in CBT.V505.FILE587.PDS, moved to PDS/VTOCPANL
2023-08-06 05:24:04.137421 - Found VTOCPRNT.txt (text/plain) in CBT.V505.FILE587.PDS, moved to PDS/VTOCPRNT
2023-08-06 05:24:04.138391 - Found VTOCSORT.txt (text/plain) in CBT.V505.FILE587.PDS, moved to PDS/VTOCSORT
2023-08-06 05:24:04.139382 - Found VTOC370.txt (text/plain) in CBT.V505.FILE587.PDS, moved to PDS/VTOC370
2023-08-06 05:24:04.140413 - Found YTOCCHEK.txt (text/plain) in CBT.V505.FILE587.PDS, moved to PDS/YTOCCHEK
